<?xml version="1.0" encoding="UTF-8"?>
<!-- Generated by org.testng.reporters.JUnitReportReporter -->
<testsuite hostname="Saurav" failures="0" tests="2" name="testDaraz.Daraztest" time="34.778" errors="0" timestamp="2024-04-05T16:30:07 NPT" skipped="0">
  <testcase classname="testDaraz.Daraztest" name="Daraz_loading" time="15.829"/>
  <system-out/>
  <testcase classname="testDaraz.Daraztest" name="D_Login" time="18.949"/>
  <system-out/>
</testsuite> <!-- testDaraz.Daraztest -->
