<?xml version="1.0" encoding="UTF-8"?>
<!-- Generated by org.testng.reporters.JUnitReportReporter -->
<testsuite hostname="Saurav" failures="0" tests="1" name="CRM.Alerts" time="8.308" errors="0" timestamp="2024-04-03T07:28:59 NPT" skipped="0">
  <testcase classname="CRM.Alerts" name="alertsend" time="8.308"/>
  <system-out/>
</testsuite> <!-- CRM.Alerts -->
